Using pre-set license
Built from '2020.3/staging' branch; Version is '2020.3.3f1 (76626098c1c4) revision 7758432'; Using compiler version '192528614'; Build Type 'Release'
OS: 'Windows 10 Home; OS build 19042.928; Version 2009; 64bit' Language: 'en' Physical Memory: 16225 MB
BatchMode: 1, IsHumanControllingUs: 0, StartBugReporterOnCrash: 0, Is64bit: 1, IsPro: 0

 COMMAND LINE ARGUMENTS:
C:\Program Files\Unity\Hub\Editor\2020.3.3f1\Editor\Unity.exe
-adb2
-batchMode
-noUpm
-name
AssetImportWorker0
-projectPath
D:/Development/Projects/Unity/Sky Shooter
-logFile
Logs/AssetImportWorker0.log
-srvPort
50948
Successfully changed project path to: D:/Development/Projects/Unity/Sky Shooter
D:/Development/Projects/Unity/Sky Shooter
Using Asset Import Pipeline V2.
Refreshing native plugins compatible for Editor in 86.95 ms, found 1 plugins.
Preloading 0 native plugins for Editor in 0.00 ms.
Initialize engine version: 2020.3.3f1 (76626098c1c4)
[Subsystems] Discovering subsystems at path C:/Program Files/Unity/Hub/Editor/2020.3.3f1/Editor/Data/Resources/UnitySubsystems
[Subsystems] Discovering subsystems at path D:/Development/Projects/Unity/Sky Shooter/Assets
GfxDevice: creating device client; threaded=0
Direct3D:
    Version:  Direct3D 11.0 [level 11.1]
    Renderer: Intel(R) UHD Graphics 620 (ID=0x5917)
    Vendor:   
    VRAM:     8112 MB
    Driver:   27.20.100.8681
Initialize mono
Mono path[0] = 'C:/Program Files/Unity/Hub/Editor/2020.3.3f1/Editor/Data/Managed'
Mono path[1] = 'C:/Program Files/Unity/Hub/Editor/2020.3.3f1/Editor/Data/MonoBleedingEdge/lib/mono/unityjit'
Mono config path = 'C:/Program Files/Unity/Hub/Editor/2020.3.3f1/Editor/Data/MonoBleedingEdge/etc'
Using monoOptions --debugger-agent=transport=dt_socket,embedding=1,server=y,suspend=n,address=127.0.0.1:56672
Begin MonoManager ReloadAssembly
Registering precompiled unity dll's ...
Register platform support module: C:/Program Files/Unity/Hub/Editor/2020.3.3f1/Editor/Data/PlaybackEngines/WebGLSupport/UnityEditor.WebGL.Extensions.dll
Register platform support module: C:/Program Files/Unity/Hub/Editor/2020.3.3f1/Editor/Data/PlaybackEngines/WindowsStandaloneSupport/UnityEditor.WindowsStandalone.Extensions.dll
Registered in 0.003920 seconds.
Native extension for WindowsStandalone target not found
Native extension for WebGL target not found
Refreshing native plugins compatible for Editor in 61.94 ms, found 1 plugins.
Preloading 0 native plugins for Editor in 0.00 ms.
Invoked RoslynAnalysisRunner static constructor.
RoslynAnalysisRunner will not be running.
RoslynAnalysisRunner has terminated.
Mono: successfully reloaded assembly
- Completed reload, in  3.841 seconds
Platform modules already initialized, skipping
Registering precompiled user dll's ...
Registered in 0.003214 seconds.
Begin MonoManager ReloadAssembly
Native extension for WindowsStandalone target not found
Native extension for WebGL target not found
Refreshing native plugins compatible for Editor in 75.92 ms, found 1 plugins.
Preloading 0 native plugins for Editor in 0.00 ms.
Invoked RoslynAnalysisRunner static constructor.
RoslynAnalysisRunner will not be running.
RoslynAnalysisRunner has terminated.
Mono: successfully reloaded assembly
- Completed reload, in  1.979 seconds
Platform modules already initialized, skipping
========================================================================
Worker process is ready to serve import requests
Launched and connected shader compiler UnityShaderCompiler.exe after 0.17 seconds
Refreshing native plugins compatible for Editor in 1.06 ms, found 1 plugins.
Preloading 0 native plugins for Editor in 0.00 ms.
Unloading 1942 Unused Serialized files (Serialized files now loaded: 0)
System memory in use before: 160.1 MB.
System memory in use after: 160.1 MB.

Unloading 23 unused Assets to reduce memory usage. Loaded Objects now: 2390.
Total: 10.225000 ms (FindLiveObjects: 0.490900 ms CreateObjectMapping: 0.371500 ms MarkObjects: 9.035200 ms  DeleteObjects: 0.323500 ms)

========================================================================
Received Prepare
Registering precompiled user dll's ...
Registered in 0.002459 seconds.
Begin MonoManager ReloadAssembly
Native extension for WindowsStandalone target not found
Native extension for WebGL target not found
Refreshing native plugins compatible for Editor in 0.48 ms, found 1 plugins.
Preloading 0 native plugins for Editor in 0.00 ms.
Invoked RoslynAnalysisRunner static constructor.
RoslynAnalysisRunner will not be running.
RoslynAnalysisRunner has terminated.
Mono: successfully reloaded assembly
- Completed reload, in  0.983 seconds
Platform modules already initialized, skipping
Refreshing native plugins compatible for Editor in 0.52 ms, found 1 plugins.
Preloading 0 native plugins for Editor in 0.00 ms.
Unloading 1932 Unused Serialized files (Serialized files now loaded: 0)
System memory in use before: 159.6 MB.
System memory in use after: 159.7 MB.

Unloading 12 unused Assets to reduce memory usage. Loaded Objects now: 2393.
Total: 3.041000 ms (FindLiveObjects: 0.264800 ms CreateObjectMapping: 0.146700 ms MarkObjects: 2.606700 ms  DeleteObjects: 0.021200 ms)

========================================================================
Received Import Request.
  path: Assets/Scripts/Netwok Discovery
  artifactKey: Guid(127d9c53f4cd26f4d8be13ad9a3195f8) Importer(815301076,1909f56bfc062723c751e8b465ee728b)
Start importing Assets/Scripts/Netwok Discovery using Guid(127d9c53f4cd26f4d8be13ad9a3195f8) Importer(815301076,1909f56bfc062723c751e8b465ee728b)  -> (artifact id: '7d1be80c0280fd4b5e238cbeb1a7abd4') in 0.024690 seconds
  Import took 0.030411 seconds .

========================================================================
Received Import Request.
  Time since last request: 15.820841 seconds.
  path: Assets/Scripts/Netwok Discovery/IPAddress.cs
  artifactKey: Guid(766e2ea17724a1342a4cba9a97800952) Importer(815301076,1909f56bfc062723c751e8b465ee728b)
Start importing Assets/Scripts/Netwok Discovery/IPAddress.cs using Guid(766e2ea17724a1342a4cba9a97800952) Importer(815301076,1909f56bfc062723c751e8b465ee728b)  -> (artifact id: '64e8fcf9612676a2293a838367aa9729') in 0.074210 seconds
  Import took 0.078580 seconds .

========================================================================
Received Prepare
Registering precompiled user dll's ...
Registered in 0.003502 seconds.
Begin MonoManager ReloadAssembly
Native extension for WindowsStandalone target not found
Native extension for WebGL target not found
Refreshing native plugins compatible for Editor in 0.51 ms, found 1 plugins.
Preloading 0 native plugins for Editor in 0.00 ms.
Invoked RoslynAnalysisRunner static constructor.
RoslynAnalysisRunner will not be running.
RoslynAnalysisRunner has terminated.
Mono: successfully reloaded assembly
- Completed reload, in  1.235 seconds
Platform modules already initialized, skipping
Refreshing native plugins compatible for Editor in 0.51 ms, found 1 plugins.
Preloading 0 native plugins for Editor in 0.00 ms.
Unloading 1933 Unused Serialized files (Serialized files now loaded: 0)
System memory in use before: 159.7 MB.
System memory in use after: 159.8 MB.

Unloading 12 unused Assets to reduce memory usage. Loaded Objects now: 2397.
Total: 3.875700 ms (FindLiveObjects: 0.444400 ms CreateObjectMapping: 0.189500 ms MarkObjects: 3.209000 ms  DeleteObjects: 0.030900 ms)

========================================================================
Received Prepare
Registering precompiled user dll's ...
Registered in 0.003139 seconds.
Begin MonoManager ReloadAssembly
Native extension for WindowsStandalone target not found
Native extension for WebGL target not found
Refreshing native plugins compatible for Editor in 0.64 ms, found 1 plugins.
Preloading 0 native plugins for Editor in 0.00 ms.
Invoked RoslynAnalysisRunner static constructor.
RoslynAnalysisRunner will not be running.
RoslynAnalysisRunner has terminated.
Mono: successfully reloaded assembly
- Completed reload, in  1.266 seconds
Platform modules already initialized, skipping
Refreshing native plugins compatible for Editor in 0.57 ms, found 1 plugins.
Preloading 0 native plugins for Editor in 0.00 ms.
Unloading 1933 Unused Serialized files (Serialized files now loaded: 0)
System memory in use before: 159.7 MB.
System memory in use after: 159.8 MB.

Unloading 12 unused Assets to reduce memory usage. Loaded Objects now: 2400.
Total: 2.373800 ms (FindLiveObjects: 0.205200 ms CreateObjectMapping: 0.079600 ms MarkObjects: 2.054700 ms  DeleteObjects: 0.032800 ms)

========================================================================
Received Import Request.
  Time since last request: 112.444640 seconds.
  path: Assets/Scripts/Netwok Discovery/IPAddress.cs
  artifactKey: Guid(766e2ea17724a1342a4cba9a97800952) Importer(815301076,1909f56bfc062723c751e8b465ee728b)
Start importing Assets/Scripts/Netwok Discovery/IPAddress.cs using Guid(766e2ea17724a1342a4cba9a97800952) Importer(815301076,1909f56bfc062723c751e8b465ee728b)  -> (artifact id: 'de3f3f1bde1ffb3ccbb99cd3b198bea9') in 0.010031 seconds
  Import took 0.014757 seconds .

========================================================================
Received Import Request.
  Time since last request: 15.132169 seconds.
  path: Assets/Scripts/Netwok Discovery/Discovery.cs
  artifactKey: Guid(c7fdadc1ca345d0468beb409028a46ee) Importer(815301076,1909f56bfc062723c751e8b465ee728b)
Start importing Assets/Scripts/Netwok Discovery/Discovery.cs using Guid(c7fdadc1ca345d0468beb409028a46ee) Importer(815301076,1909f56bfc062723c751e8b465ee728b)  -> (artifact id: '5dffcaab7e93d35a21ac9990260660bb') in 0.010222 seconds
  Import took 0.026579 seconds .

========================================================================
Received Prepare
Registering precompiled user dll's ...
Registered in 0.003203 seconds.
Begin MonoManager ReloadAssembly
Native extension for WindowsStandalone target not found
Native extension for WebGL target not found
Refreshing native plugins compatible for Editor in 0.52 ms, found 1 plugins.
Preloading 0 native plugins for Editor in 0.00 ms.
Invoked RoslynAnalysisRunner static constructor.
RoslynAnalysisRunner will not be running.
RoslynAnalysisRunner has terminated.
Mono: successfully reloaded assembly
- Completed reload, in  1.045 seconds
Platform modules already initialized, skipping
Refreshing native plugins compatible for Editor in 0.51 ms, found 1 plugins.
Preloading 0 native plugins for Editor in 0.00 ms.
Unloading 1934 Unused Serialized files (Serialized files now loaded: 0)
System memory in use before: 159.7 MB.
System memory in use after: 159.8 MB.

Unloading 12 unused Assets to reduce memory usage. Loaded Objects now: 2404.
Total: 3.017700 ms (FindLiveObjects: 0.495800 ms CreateObjectMapping: 0.093500 ms MarkObjects: 2.400500 ms  DeleteObjects: 0.025900 ms)

========================================================================
Received Import Request.
  Time since last request: 283.122369 seconds.
  path: Assets/Scripts/Netwok Discovery/Discovery.cs
  artifactKey: Guid(c7fdadc1ca345d0468beb409028a46ee) Importer(815301076,1909f56bfc062723c751e8b465ee728b)
Start importing Assets/Scripts/Netwok Discovery/Discovery.cs using Guid(c7fdadc1ca345d0468beb409028a46ee) Importer(815301076,1909f56bfc062723c751e8b465ee728b)  -> (artifact id: 'c896badd30a121b1ea0859e2349125f4') in 0.008693 seconds
  Import took 0.016927 seconds .

========================================================================
Received Import Request.
  Time since last request: 9.353800 seconds.
  path: Assets/Scripts/Network Discovery
  artifactKey: Guid(127d9c53f4cd26f4d8be13ad9a3195f8) Importer(815301076,1909f56bfc062723c751e8b465ee728b)
Start importing Assets/Scripts/Network Discovery using Guid(127d9c53f4cd26f4d8be13ad9a3195f8) Importer(815301076,1909f56bfc062723c751e8b465ee728b)  -> (artifact id: 'fa29bdafaadf752d4ef9528970cf8f72') in 0.010430 seconds
  Import took 0.015584 seconds .

AssetImportWorkerClient::OnTransportError - code=2 error=End of file
